1575075251.388551 client started (10035): version 2.9-rc, socket /tmp/tmux-1000/test, protocol 8
1575075251.388590 on Linux 4.15.0-65-generic #74-Ubuntu SMP Tue Sep 17 17:06:04 UTC 2019; libevent 2.1.8-stable (poll)
1575075251.388616 socket is /tmp/tmux-1000/test
1575075251.388632 trying connect
1575075251.388657 connect failed: Connection refused
1575075251.388672 lock file is /tmp/tmux-1000/test.lock
1575075251.388715 flock succeeded
1575075251.388723 got lock (6)
1575075251.388734 trying connect
1575075251.388748 connect failed: Connection refused
1575075251.388989 add peer 0x5599e9ad42c0: 7 ((nil))
1575075251.389129 sending message 100 to peer 0x5599e9ad42c0 (4 bytes)
1575075251.389144 sending message 101 to peer 0x5599e9ad42c0 (15 bytes)
1575075251.389152 sending message 102 to peer 0x5599e9ad42c0 (11 bytes)
1575075251.389160 sending message 108 to peer 0x5599e9ad42c0 (21 bytes)
1575075251.389170 sending message 104 to peer 0x5599e9ad42c0 (0 bytes)
1575075251.389179 sending message 107 to peer 0x5599e9ad42c0 (4 bytes)
1575075251.389199 sending message 105 to peer 0x5599e9ad42c0 (18 bytes)
1575075251.389208 sending message 105 to peer 0x5599e9ad42c0 (13 bytes)
1575075251.389216 sending message 105 to peer 0x5599e9ad42c0 (18 bytes)
1575075251.389224 sending message 105 to peer 0x5599e9ad42c0 (10 bytes)
1575075251.389232 sending message 105 to peer 0x5599e9ad42c0 (21 bytes)
1575075251.389240 sending message 105 to peer 0x5599e9ad42c0 (48 bytes)
1575075251.389248 sending message 105 to peer 0x5599e9ad42c0 (19 bytes)
1575075251.389256 sending message 105 to peer 0x5599e9ad42c0 (24 bytes)
1575075251.389263 sending message 105 to peer 0x5599e9ad42c0 (13 bytes)
1575075251.389271 sending message 105 to peer 0x5599e9ad42c0 (11 bytes)
1575075251.389283 sending message 105 to peer 0x5599e9ad42c0 (25 bytes)
1575075251.389291 sending message 105 to peer 0x5599e9ad42c0 (31 bytes)
1575075251.389299 sending message 105 to peer 0x5599e9ad42c0 (12 bytes)
1575075251.389307 sending message 105 to peer 0x5599e9ad42c0 (110 bytes)
1575075251.389315 sending message 105 to peer 0x5599e9ad42c0 (16 bytes)
1575075251.389323 sending message 105 to peer 0x5599e9ad42c0 (18 bytes)
1575075251.389331 sending message 105 to peer 0x5599e9ad42c0 (15 bytes)
1575075251.389339 sending message 105 to peer 0x5599e9ad42c0 (17 bytes)
1575075251.389347 sending message 105 to peer 0x5599e9ad42c0 (15 bytes)
1575075251.389354 sending message 105 to peer 0x5599e9ad42c0 (35 bytes)
1575075251.389362 sending message 105 to peer 0x5599e9ad42c0 (38 bytes)
1575075251.389370 sending message 105 to peer 0x5599e9ad42c0 (49 bytes)
1575075251.389378 sending message 105 to peer 0x5599e9ad42c0 (39 bytes)
1575075251.389385 sending message 105 to peer 0x5599e9ad42c0 (23 bytes)
1575075251.389396 sending message 105 to peer 0x5599e9ad42c0 (20 bytes)
1575075251.389405 sending message 105 to peer 0x5599e9ad42c0 (33 bytes)
1575075251.389413 sending message 105 to peer 0x5599e9ad42c0 (9 bytes)
1575075251.389421 sending message 105 to peer 0x5599e9ad42c0 (20 bytes)
1575075251.389429 sending message 105 to peer 0x5599e9ad42c0 (11 bytes)
1575075251.389437 sending message 105 to peer 0x5599e9ad42c0 (8 bytes)
1575075251.389444 sending message 105 to peer 0x5599e9ad42c0 (44 bytes)
1575075251.389452 sending message 105 to peer 0x5599e9ad42c0 (11 bytes)
1575075251.389460 sending message 105 to peer 0x5599e9ad42c0 (12 bytes)
1575075251.389468 sending message 105 to peer 0x5599e9ad42c0 (22 bytes)
1575075251.389476 sending message 105 to peer 0x5599e9ad42c0 (21 bytes)
1575075251.389483 sending message 105 to peer 0x5599e9ad42c0 (31 bytes)
1575075251.389491 sending message 105 to peer 0x5599e9ad42c0 (26 bytes)
1575075251.389499 sending message 105 to peer 0x5599e9ad42c0 (29 bytes)
1575075251.389507 sending message 105 to peer 0x5599e9ad42c0 (40 bytes)
1575075251.389515 sending message 105 to peer 0x5599e9ad42c0 (31 bytes)
1575075251.389526 sending message 105 to peer 0x5599e9ad42c0 (14 bytes)
1575075251.389534 sending message 105 to peer 0x5599e9ad42c0 (32 bytes)
1575075251.389542 sending message 105 to peer 0x5599e9ad42c0 (29 bytes)
1575075251.389560 sending message 105 to peer 0x5599e9ad42c0 (13 bytes)
1575075251.389569 sending message 105 to peer 0x5599e9ad42c0 (65 bytes)
1575075251.389577 sending message 105 to peer 0x5599e9ad42c0 (225 bytes)
1575075251.389585 sending message 105 to peer 0x5599e9ad42c0 (26 bytes)
1575075251.389594 sending message 105 to peer 0x5599e9ad42c0 (54 bytes)
1575075251.389601 sending message 105 to peer 0x5599e9ad42c0 (19 bytes)
1575075251.389610 sending message 105 to peer 0x5599e9ad42c0 (19 bytes)
1575075251.389618 sending message 105 to peer 0x5599e9ad42c0 (56 bytes)
1575075251.389626 sending message 105 to peer 0x5599e9ad42c0 (14 bytes)
1575075251.389634 sending message 105 to peer 0x5599e9ad42c0 (26 bytes)
1575075251.389642 sending message 106 to peer 0x5599e9ad42c0 (0 bytes)
1575075251.389650 cmd_pack_argv: argv[0]=new
1575075251.389661 sending message 200 to peer 0x5599e9ad42c0 (8 bytes)
1575075251.389669 client loop enter
1575075251.409462 peer 0x5599e9ad42c0 message 207
1575075251.409473 sending message 208 to peer 0x5599e9ad42c0 (0 bytes)
